2023-08-02 13:58:55,077 [Worker-1: Loading available Gradle versions] INFO  o.e.b.c.i.u.g.PublishedGradleVersions - Gradle version information cache is up-to-date. Trying to read.
2023-08-02 13:59:44,923 [Worker-5: Updating Maven Dependencies] INFO  o.e.m.c.i.l.LifecycleMappingFactory - Using org.eclipse.m2e.jdt.JarLifecycleMapping lifecycle mapping for MavenProject: com.poly:demolab1:0.0.1-SNAPSHOT @ D:\fpt_polytechnic\d? án t?t nghi?p\TOKO-FASHION\pom.xml.
2023-08-02 13:59:47,503 [Worker-3: Building] INFO  o.a.m.s.f.DefaultMavenResourcesFiltering - Copying 1 resource from src\main\resources to target\classes
2023-08-02 13:59:47,526 [Worker-3: Building] INFO  o.a.m.s.f.DefaultMavenResourcesFiltering - Copying 34 resources from src\main\resources to target\classes
2023-08-02 13:59:47,598 [Worker-3: Building] INFO  o.a.m.s.f.DefaultMavenResourcesFiltering - skip non existing resourceDirectory D:\fpt_polytechnic\d? án t?t nghi?p\TOKO-FASHION\src\test\resources
2023-08-02 14:00:03,662 [Worker-1: Updating Maven Project] INFO  o.e.m.c.i.p.ProjectConfigurationManager - Update started
2023-08-02 14:00:03,965 [Worker-1: Updating Maven Project] INFO  o.e.m.c.i.l.LifecycleMappingFactory - Using org.eclipse.m2e.jdt.JarLifecycleMapping lifecycle mapping for MavenProject: com.poly:demolab1:0.0.1-SNAPSHOT @ D:\fpt_polytechnic\d? án t?t nghi?p\TOKO-FASHION\pom.xml.
2023-08-02 14:00:04,424 [Worker-1: Updating Maven Project] INFO  o.e.m.j.i.AbstractJavaProjectConfigurator - Adding source folder /TOKO-FASHION/src/main/java
2023-08-02 14:00:04,425 [Worker-1: Updating Maven Project] INFO  o.e.m.j.i.AbstractJavaProjectConfigurator - Adding resource folder /TOKO-FASHION/src/main/resources
2023-08-02 14:00:04,425 [Worker-1: Updating Maven Project] INFO  o.e.m.j.i.AbstractJavaProjectConfigurator - Adding resource folder /TOKO-FASHION/src/main/resources
2023-08-02 14:00:04,426 [Worker-1: Updating Maven Project] INFO  o.e.m.j.i.AbstractJavaProjectConfigurator - Adding source folder /TOKO-FASHION/src/test/java
2023-08-02 14:00:04,784 [Worker-1: Updating Maven Project] INFO  o.e.m.c.i.p.ProjectConfigurationManager - Update completed for 1 poms: local refresh takes 0.00 sec, refresh facades takes 0.00 sec, update config takes 0.00 sec 
2023-08-02 14:00:05,504 [Worker-5: Building] INFO  o.a.m.s.f.DefaultMavenResourcesFiltering - Copying 1 resource from src\main\resources to target\classes
2023-08-02 14:00:05,519 [Worker-5: Building] INFO  o.a.m.s.f.DefaultMavenResourcesFiltering - Copying 34 resources from src\main\resources to target\classes
2023-08-02 14:00:05,546 [Worker-5: Building] INFO  o.a.m.s.f.DefaultMavenResourcesFiltering - skip non existing resourceDirectory D:\fpt_polytechnic\d? án t?t nghi?p\TOKO-FASHION\src\test\resources
2023-08-02 14:02:11,987 [Worker-1: Building] INFO  o.a.m.s.f.DefaultMavenResourcesFiltering - Copying 0 resource from src\main\resources to target\classes
2023-08-02 14:02:11,988 [Worker-1: Building] INFO  o.a.m.s.f.DefaultMavenResourcesFiltering - Copying 0 resource from src\main\resources to target\classes
2023-08-02 14:02:11,996 [Worker-1: Building] INFO  o.a.m.s.f.DefaultMavenResourcesFiltering - skip non existing resourceDirectory D:\fpt_polytechnic\d? án t?t nghi?p\TOKO-FASHION\src\test\resources
2023-08-02 14:02:51,487 [Worker-10: Building] INFO  o.a.m.s.f.DefaultMavenResourcesFiltering - Copying 1 resource from src\main\resources to target\classes
2023-08-02 14:02:51,496 [Worker-10: Building] INFO  o.a.m.s.f.DefaultMavenResourcesFiltering - Copying 34 resources from src\main\resources to target\classes
2023-08-02 14:02:51,506 [Worker-10: Building] INFO  o.a.m.s.f.DefaultMavenResourcesFiltering - skip non existing resourceDirectory D:\fpt_polytechnic\d? án t?t nghi?p\TOKO-FASHION\src\test\resources
2023-08-02 14:03:36,840 [Worker-0: Building] INFO  o.a.m.s.f.DefaultMavenResourcesFiltering - Copying 0 resource from src\main\resources to target\classes
2023-08-02 14:03:36,840 [Worker-0: Building] INFO  o.a.m.s.f.DefaultMavenResourcesFiltering - Copying 1 resource from src\main\resources to target\classes
2023-08-02 14:03:36,844 [Worker-0: Building] INFO  o.a.m.s.f.DefaultMavenResourcesFiltering - skip non existing resourceDirectory D:\fpt_polytechnic\d? án t?t nghi?p\TOKO-FASHION\src\test\resources
2023-08-02 14:04:22,068 [Worker-1: Building] INFO  o.a.m.s.f.DefaultMavenResourcesFiltering - Copying 0 resource from src\main\resources to target\classes
2023-08-02 14:04:22,069 [Worker-1: Building] INFO  o.a.m.s.f.DefaultMavenResourcesFiltering - Copying 1 resource from src\main\resources to target\classes
2023-08-02 14:04:22,071 [Worker-1: Building] INFO  o.a.m.s.f.DefaultMavenResourcesFiltering - skip non existing resourceDirectory D:\fpt_polytechnic\d? án t?t nghi?p\TOKO-FASHION\src\test\resources
2023-08-02 14:06:26,483 [Worker-1: Updating Maven Project] INFO  o.e.m.c.i.p.ProjectConfigurationManager - Update started
2023-08-02 14:06:26,725 [Worker-1: Updating Maven Project] INFO  o.e.m.c.i.l.LifecycleMappingFactory - Using org.eclipse.m2e.jdt.JarLifecycleMapping lifecycle mapping for MavenProject: com.poly:demolab1:0.0.1-SNAPSHOT @ D:\fpt_polytechnic\d? án t?t nghi?p\TOKO-FASHION\pom.xml.
2023-08-02 14:06:27,142 [Worker-1: Updating Maven Project] INFO  o.e.m.j.i.AbstractJavaProjectConfigurator - Adding source folder /TOKO-FASHION/src/main/java
2023-08-02 14:06:27,142 [Worker-1: Updating Maven Project] INFO  o.e.m.j.i.AbstractJavaProjectConfigurator - Adding resource folder /TOKO-FASHION/src/main/resources
2023-08-02 14:06:27,142 [Worker-1: Updating Maven Project] INFO  o.e.m.j.i.AbstractJavaProjectConfigurator - Adding resource folder /TOKO-FASHION/src/main/resources
2023-08-02 14:06:27,143 [Worker-1: Updating Maven Project] INFO  o.e.m.j.i.AbstractJavaProjectConfigurator - Adding source folder /TOKO-FASHION/src/test/java
2023-08-02 14:06:27,460 [Worker-1: Updating Maven Project] INFO  o.e.m.c.i.p.ProjectConfigurationManager - Update completed for 1 poms: local refresh takes 0.00 sec, refresh facades takes 0.00 sec, update config takes 0.00 sec 
2023-08-02 14:06:28,169 [Worker-15: Building] INFO  o.a.m.s.f.DefaultMavenResourcesFiltering - Copying 1 resource from src\main\resources to target\classes
2023-08-02 14:06:28,185 [Worker-15: Building] INFO  o.a.m.s.f.DefaultMavenResourcesFiltering - Copying 34 resources from src\main\resources to target\classes
2023-08-02 14:06:28,227 [Worker-15: Building] INFO  o.a.m.s.f.DefaultMavenResourcesFiltering - skip non existing resourceDirectory D:\fpt_polytechnic\d? án t?t nghi?p\TOKO-FASHION\src\test\resources
2023-08-02 14:15:58,711 [Worker-15: Building] INFO  o.a.m.s.f.DefaultMavenResourcesFiltering - Copying 0 resource from src\main\resources to target\classes
2023-08-02 14:15:58,711 [Worker-15: Building] INFO  o.a.m.s.f.DefaultMavenResourcesFiltering - Copying 1 resource from src\main\resources to target\classes
2023-08-02 14:15:58,715 [Worker-15: Building] INFO  o.a.m.s.f.DefaultMavenResourcesFiltering - skip non existing resourceDirectory D:\fpt_polytechnic\d? án t?t nghi?p\TOKO-FASHION\src\test\resources
2023-08-02 14:17:08,762 [Worker-21: Updating Maven Project] INFO  o.e.m.c.i.p.ProjectConfigurationManager - Update started
2023-08-02 14:17:09,020 [Worker-21: Updating Maven Project] INFO  o.e.m.c.i.l.LifecycleMappingFactory - Using org.eclipse.m2e.jdt.JarLifecycleMapping lifecycle mapping for MavenProject: com.poly:demolab1:0.0.1-SNAPSHOT @ D:\fpt_polytechnic\d? án t?t nghi?p\TOKO-FASHION\pom.xml.
2023-08-02 14:17:09,496 [Worker-21: Updating Maven Project] INFO  o.e.m.j.i.AbstractJavaProjectConfigurator - Adding source folder /TOKO-FASHION/src/main/java
2023-08-02 14:17:09,496 [Worker-21: Updating Maven Project] INFO  o.e.m.j.i.AbstractJavaProjectConfigurator - Adding resource folder /TOKO-FASHION/src/main/resources
2023-08-02 14:17:09,496 [Worker-21: Updating Maven Project] INFO  o.e.m.j.i.AbstractJavaProjectConfigurator - Adding resource folder /TOKO-FASHION/src/main/resources
2023-08-02 14:17:09,497 [Worker-21: Updating Maven Project] INFO  o.e.m.j.i.AbstractJavaProjectConfigurator - Adding source folder /TOKO-FASHION/src/test/java
2023-08-02 14:17:09,804 [Worker-21: Updating Maven Project] INFO  o.e.m.c.i.p.ProjectConfigurationManager - Update completed for 1 poms: local refresh takes 0.00 sec, refresh facades takes 0.00 sec, update config takes 0.00 sec 
2023-08-02 14:17:10,437 [Worker-24: Building] INFO  o.a.m.s.f.DefaultMavenResourcesFiltering - Copying 1 resource from src\main\resources to target\classes
2023-08-02 14:17:10,451 [Worker-24: Building] INFO  o.a.m.s.f.DefaultMavenResourcesFiltering - Copying 34 resources from src\main\resources to target\classes
2023-08-02 14:17:10,497 [Worker-24: Building] INFO  o.a.m.s.f.DefaultMavenResourcesFiltering - skip non existing resourceDirectory D:\fpt_polytechnic\d? án t?t nghi?p\TOKO-FASHION\src\test\resources
2023-08-02 14:23:05,452 [Worker-33: Building] INFO  o.e.m.c.i.l.LifecycleMappingFactory - Using org.eclipse.m2e.jdt.JarLifecycleMapping lifecycle mapping for MavenProject: com.poly:demolab1:0.0.1-SNAPSHOT @ D:\fpt_polytechnic\d? án t?t nghi?p\TOKO-FASHION\pom.xml.
2023-08-02 14:23:05,894 [Worker-33: Building] INFO  o.a.m.s.f.DefaultMavenResourcesFiltering - Copying 1 resource from src\main\resources to target\classes
2023-08-02 14:23:05,907 [Worker-33: Building] INFO  o.a.m.s.f.DefaultMavenResourcesFiltering - Copying 34 resources from src\main\resources to target\classes
2023-08-02 14:23:05,937 [Worker-33: Building] INFO  o.a.m.s.f.DefaultMavenResourcesFiltering - skip non existing resourceDirectory D:\fpt_polytechnic\d? án t?t nghi?p\TOKO-FASHION\src\test\resources
2023-08-02 14:23:06,807 [Worker-35: Updating Maven Dependencies] INFO  o.e.m.c.i.l.LifecycleMappingFactory - Using org.eclipse.m2e.jdt.JarLifecycleMapping lifecycle mapping for MavenProject: com.poly:demolab1:0.0.1-SNAPSHOT @ D:\fpt_polytechnic\d? án t?t nghi?p\TOKO-FASHION\pom.xml.
